<?xml version="1.0" encoding="UTF-8"?>
<testng-results ignored="0" total="1" passed="1" failed="0" skipped="0">
  <reporter-output>
  </reporter-output>
  <suite started-at="2023-03-02T09:52:59 IST" name="Default suite" finished-at="2023-03-02T09:53:25 IST" duration-ms="25713">
    <groups>
    </groups>
    <test started-at="2023-03-02T09:52:59 IST" name="Default test" finished-at="2023-03-02T09:53:25 IST" duration-ms="25713">
      <class name="accessibility.HomePageTest">
        <test-method is-config="true" signature="reportconfig()[pri:0, instance:accessibility.HomePageTest@4a83a74a]" started-at="2023-03-02T09:52:58 IST" name="reportconfig" finished-at="2023-03-02T09:52:59 IST" duration-ms="715" status="PASS">
          <reporter-output>
          </reporter-output>
        </test-method> <!-- reportconfig -->
        <test-method is-config="true" signature="setUp()[pri:0, instance:accessibility.HomePageTest@4a83a74a]" started-at="2023-03-02T09:52:59 IST" name="setUp" finished-at="2023-03-02T09:53:22 IST" duration-ms="23500" status="PASS">
          <reporter-output>
          </reporter-output>
        </test-method> <!-- setUp -->
        <test-method signature="HomePage()[pri:0, instance:accessibility.HomePageTest@4a83a74a]" started-at="2023-03-02T09:53:23 IST" name="HomePage" finished-at="2023-03-02T09:53:24 IST" duration-ms="1284" status="PASS">
          <reporter-output>
          </reporter-output>
        </test-method> <!-- HomePage -->
        <test-method is-config="true" signature="TakesScreenshot(org.testng.ITestResult)[pri:0, instance:accessibility.HomePageTest@4a83a74a]" started-at="2023-03-02T09:53:24 IST" name="TakesScreenshot" finished-at="2023-03-02T09:53:25 IST" duration-ms="645" status="PASS">
          <params>
            <param index="0">
              <value>
                <![CDATA[[TestResult name=HomePage status=SUCCESS method=HomePageTest.HomePage()[pri:0, instance:accessibility.HomePageTest@4a83a74a] output={null}]]]>
              </value>
            </param>
          </params>
          <reporter-output>
          </reporter-output>
        </test-method> <!-- TakesScreenshot -->
        <test-method is-config="true" signature="endReport()[pri:0, instance:accessibility.HomePageTest@4a83a74a]" started-at="2023-03-02T09:53:25 IST" name="endReport" finished-at="2023-03-02T09:53:26 IST" duration-ms="1382" status="PASS">
          <reporter-output>
          </reporter-output>
        </test-method> <!-- endReport -->
        <test-method is-config="true" signature="tearDown()[pri:0, instance:accessibility.HomePageTest@4a83a74a]" started-at="2023-03-02T09:53:26 IST" name="tearDown" finished-at="2023-03-02T09:53:27 IST" duration-ms="1172" status="PASS">
          <reporter-output>
          </reporter-output>
        </test-method> <!-- tearDown -->
      </class> <!-- accessibility.HomePageTest -->
    </test> <!-- Default test -->
  </suite> <!-- Default suite -->
</testng-results>
